<?xml version="1.0" encoding="UTF-8"?>
<!-- Generated by org.testng.reporters.JUnitReportReporter -->
<testsuite hostname="MOBASSIR-ERHSHJS" failures="0" tests="1" name="TestRunner.Test_Runner" time="42.995" errors="0" timestamp="2024-11-13T11:25:39 SAST" skipped="0">
  <testcase classname="TestRunner.Test_Runner" name="runScenario" time="42.995"/>
</testsuite> <!-- TestRunner.Test_Runner -->
