<?xml version="1.0" encoding="UTF-8"?>
<!-- Generated by org.testng.reporters.JUnitReportReporter -->
<testsuite hostname="MOBASSIR-ERHSHJS" failures="0" tests="1" name="TestRunner.Test_Runner" time="22.649" errors="0" timestamp="2024-11-08T17:21:03 SAST" skipped="0">
  <testcase classname="TestRunner.Test_Runner" name="runScenario" time="22.649"/>
</testsuite> <!-- TestRunner.Test_Runner -->
