<?xml version="1.0" encoding="UTF-8"?>
<!-- Generated by org.testng.reporters.JUnitReportReporter -->
<testsuite hostname="MOBASSIR-ERHSHJS" failures="0" tests="1" name="pages.BaseClass" time="12.427" errors="0" timestamp="2024-11-07T15:05:06 SAST" skipped="0">
  <testcase classname="pages.BaseClass" name="launchApplication" time="12.427"/>
</testsuite> <!-- pages.BaseClass -->
